
Options ResourceUsage=yes UseNutmegFormat=no TopDesignName="C:\CETEST\mkl_prj\networks\DC_CURVES"
define amp_1900 ( _net83  _net69  _net90 ) 
parameters  beta=100 
L:L3  _net85 _net90 L=320 nH Noise=yes  
L:L2  _net83 _net78 L=320 pH Noise=yes  
C:C2  _net70 _net75 C=120 pF 
L:L1  _net69 _net70 L=320 nH Noise=yes  
C:C1  _net78 _net85 C=120 fF 
"BJTM1":BJT1  _net78 _net70 _net85 Mode=1 Noise=yes 
model BJTM1 BJT NPN=1 PNP=0 Bf=beta Vaf=50 Ise=0.02E-12 Lateral=0 RbModel=0 Approxqb=1 
end amp_1900
amp_1900:Q1  _net17 _net18 0 beta=160 
ParamSweep:Sweep1 SimInstanceName[1]="DC1" StatusLevel=2 SweepVar="IBB" SweepPlan="Sweep1_stim" 

SweepPlan: Sweep1_stim Start=0 uA Stop=100 uA Step=10 uA 

DC:DC1 StatusLevel=2 DevOpPtLevel=0 UseFiniteDiff=no PrintOpPoint=no Restart=1 \
SweepVar="VCE" SweepPlan="DC1_stim" OutputPlan="DC1_Output" 

SweepPlan: DC1_stim Start=0 Stop=5 Step=0.1 

OutputPlan:DC1_Output \
      Type="Output" \
      UseNodeNestLevel=yes \
      NodeNestLevel=2 \
      UseEquationNestLevel=yes \
      EquationNestLevel=2 \
      UseSavedEquationNestLevel=yes \
      SavedEquationNestLevel=2 \
      UseDeviceCurrentNestLevel=no \
      DeviceCurrentNestLevel=0

Short:IC  _net7 _net17 Mode=0 SaveCurrent=yes 
V_Source:SRC1  _net7 0 Type="V_DC" Vdc=VCE SaveCurrent=1 
I_Source:SRC2  0 _net18 Type="I_DC" Idc=IBB 

VCE =0 V
IBB =0 A

;#@# autodisplay="BJT_curve_tracer"
